-- The C compiler identification is GNU 7.5.0
-- The CXX compiler identification is GNU 7.5.0
-- Check for working C compiler: /usr/bin/cc
-- Check for working C compiler: /usr/bin/cc -- works
-- Detecting C compiler ABI info
-- Detecting C compiler ABI info - done
-- Detecting C compile features
-- Detecting C compile features - done
-- Check for working CXX compiler: /usr/bin/c++
-- Check for working CXX compiler: /usr/bin/c++ -- works
-- Detecting CXX compiler ABI info
-- Detecting CXX compiler ABI info - done
-- Detecting CXX compile features
-- Detecting CXX compile features - done
-- Using CATKIN_DEVEL_PREFIX: /home/wsl/ctrl_ws/src/thor_prefilter_controller/build/thor_prefilter_controller/devel
-- Using CMAKE_PREFIX_PATH: /home/wsl/ctrl_ws/install/ur_identification;/home/wsl/ctrl_ws/install/ur_hardware_interface;/home/wsl/ctrl_ws/install/dimostratore_moveit_config;/home/wsl/ctrl_ws/install/dimostratore_descriptions;/home/wsl/ctrl_ws/install/ur_description;/home/wsl/ctrl_ws/install/ur_app;/home/wsl/ctrl_ws/install/dimostratore_configurations;/home/wsl/ctrl_ws/install/thor_prefilter_controller;/home/wsl/ctrl_ws/install/thor_prefilter;/home/wsl/ctrl_ws/install/tf_helper;/home/wsl/ctrl_ws/install/termcolor;/home/wsl/ctrl_ws/install/robots_teleop_gui;/home/wsl/ctrl_ws/install/joint_test_suite;/home/wsl/ctrl_ws/install/cnr_velocity_to_torque_controller;/home/wsl/ctrl_ws/install/cnr_topics_hardware_interface;/home/wsl/ctrl_ws/install/cnr_topic_hardware_interface;/home/wsl/ctrl_ws/install/cnr_position_to_velocity_controller;/home/wsl/ctrl_ws/install/cnr_open_loop_position_controller;/home/wsl/ctrl_ws/install/cnr_joint_teleop_controller;/home/wsl/ctrl_ws/install/cnr_joint_state_publisher;/home/wsl/ctrl_ws/install/cnr_configuration_manager;/home/wsl/ctrl_ws/install/subscription_notifier;/home/wsl/ctrl_ws/install/stiima_lab_descriptions;/home/wsl/ctrl_ws/install/si_utils;/home/wsl/ctrl_ws/install/rosdyn_gui;/home/wsl/ctrl_ws/install/moveit_planning_helper;/home/wsl/ctrl_ws/install/eigen_state_space_systems;/home/wsl/ctrl_ws/install/eigen_matrix_utils;/home/wsl/ctrl_ws/install/rosparam_utilities;/home/wsl/ctrl_ws/install/rosdyn_identification_msgs;/home/wsl/ctrl_ws/install/robotiq_modbus_tcp;/home/wsl/ctrl_ws/install/robotiq_modbus_rtu;/home/wsl/ctrl_ws/install/robotiq_ft_sensor;/home/wsl/ctrl_ws/install/robotiq_ethercat;/home/wsl/ctrl_ws/install/robotiq_85_msgs;/home/wsl/ctrl_ws/install/robotiq_85_moveit_config;/home/wsl/ctrl_ws/install/robotiq_85_gazebo;/home/wsl/ctrl_ws/install/robotiq_85_description;/home/wsl/ctrl_ws/install/robotiq_3f_gripper_articulated_gazebo;/home/wsl/ctrl_ws/install/robotiq_3f_gripper_visualization;/home/wsl/ctrl_ws/install/robotiq_3f_gripper_articulated_gazebo_plugins;/home/wsl/ctrl_ws/install/robotiq_3f_gripper_articulated_msgs;/home/wsl/ctrl_ws/install/robotiq_2f_c2_gripper_visualization;/home/wsl/ctrl_ws/install/robotiq_2f_85_gripper_visualization;/home/wsl/ctrl_ws/install/robotiq_2f_140_gripper_visualization;/home/wsl/ctrl_ws/install/roboticsgroup_gazebo_plugins;/home/wsl/ctrl_ws/install/cnr_fake_hardware_interface;/home/wsl/ctrl_ws/install/cnr_hardware_nodelet_interface;/home/wsl/ctrl_ws/install/cnr_hardware_interface;/home/wsl/ctrl_ws/install/cnr_controller_manager_interface;/home/wsl/ctrl_ws/install/cnr_controller_interface;/home/wsl/ctrl_ws/install/realtime_utilities;/home/wsl/ctrl_ws/install/name_sorting;/home/wsl/ctrl_ws/install/dimostratore_sensors;/home/wsl/ctrl_ws/install/ddynamic_reconfigure_python;/home/wsl/ctrl_ws/install/ddynamic_reconfigure;/home/wsl/ctrl_ws/install/configuration_gui;/home/wsl/ctrl_ws/install/configuration_msgs;/home/wsl/ctrl_ws/install/cnr_logger;/home/wsl/ctrl_ws/install/binary_logger;/home/wsl/ctrl_ws/install/additional_sensor_msgs;/home/wsl/ctrl_ws/devel;/opt/ros/melodic
-- This workspace overlays: /home/wsl/ctrl_ws/install/ur_identification;/home/wsl/ctrl_ws/install/ur_hardware_interface;/home/wsl/ctrl_ws/install/dimostratore_moveit_config;/home/wsl/ctrl_ws/install/dimostratore_descriptions;/home/wsl/ctrl_ws/install/ur_description;/home/wsl/ctrl_ws/install/ur_app;/home/wsl/ctrl_ws/install/dimostratore_configurations;/home/wsl/ctrl_ws/install/thor_prefilter_controller;/home/wsl/ctrl_ws/install/thor_prefilter;/home/wsl/ctrl_ws/install/tf_helper;/home/wsl/ctrl_ws/install/robots_teleop_gui;/home/wsl/ctrl_ws/install/joint_test_suite;/home/wsl/ctrl_ws/install/cnr_velocity_to_torque_controller;/home/wsl/ctrl_ws/install/cnr_topics_hardware_interface;/home/wsl/ctrl_ws/install/cnr_topic_hardware_interface;/home/wsl/ctrl_ws/install/cnr_position_to_velocity_controller;/home/wsl/ctrl_ws/install/cnr_open_loop_position_controller;/home/wsl/ctrl_ws/install/cnr_joint_teleop_controller;/home/wsl/ctrl_ws/install/cnr_joint_state_publisher;/home/wsl/ctrl_ws/install/cnr_configuration_manager;/home/wsl/ctrl_ws/install/subscription_notifier;/home/wsl/ctrl_ws/install/stiima_lab_descriptions;/home/wsl/ctrl_ws/install/si_utils;/home/wsl/ctrl_ws/install/rosdyn_gui;/home/wsl/ctrl_ws/install/moveit_planning_helper;/home/wsl/ctrl_ws/install/eigen_state_space_systems;/home/wsl/ctrl_ws/install/eigen_matrix_utils;/home/wsl/ctrl_ws/install/rosparam_utilities;/home/wsl/ctrl_ws/install/rosdyn_identification_msgs;/home/wsl/ctrl_ws/install/robotiq_modbus_tcp;/home/wsl/ctrl_ws/install/robotiq_modbus_rtu;/home/wsl/ctrl_ws/install/robotiq_ft_sensor;/home/wsl/ctrl_ws/install/robotiq_ethercat;/home/wsl/ctrl_ws/install/robotiq_85_msgs;/home/wsl/ctrl_ws/install/robotiq_85_moveit_config;/home/wsl/ctrl_ws/install/robotiq_85_gazebo;/home/wsl/ctrl_ws/install/robotiq_85_description;/home/wsl/ctrl_ws/install/robotiq_3f_gripper_articulated_gazebo;/home/wsl/ctrl_ws/install/robotiq_3f_gripper_visualization;/home/wsl/ctrl_ws/install/robotiq_3f_gripper_articulated_gazebo_plugins;/home/wsl/ctrl_ws/install/robotiq_3f_gripper_articulated_msgs;/home/wsl/ctrl_ws/install/robotiq_2f_c2_gripper_visualization;/home/wsl/ctrl_ws/install/robotiq_2f_85_gripper_visualization;/home/wsl/ctrl_ws/install/robotiq_2f_140_gripper_visualization;/home/wsl/ctrl_ws/install/roboticsgroup_gazebo_plugins;/home/wsl/ctrl_ws/install/cnr_fake_hardware_interface;/home/wsl/ctrl_ws/install/cnr_hardware_nodelet_interface;/home/wsl/ctrl_ws/install/cnr_hardware_interface;/home/wsl/ctrl_ws/install/cnr_controller_manager_interface;/home/wsl/ctrl_ws/install/cnr_controller_interface;/home/wsl/ctrl_ws/install/realtime_utilities;/home/wsl/ctrl_ws/install/name_sorting;/home/wsl/ctrl_ws/install/dimostratore_sensors;/home/wsl/ctrl_ws/install/ddynamic_reconfigure_python;/home/wsl/ctrl_ws/install/ddynamic_reconfigure;/home/wsl/ctrl_ws/install/configuration_gui;/home/wsl/ctrl_ws/install/configuration_msgs;/home/wsl/ctrl_ws/install/cnr_logger;/home/wsl/ctrl_ws/install/binary_logger;/home/wsl/ctrl_ws/install/additional_sensor_msgs;/opt/ros/melodic
-- Found PythonInterp: /usr/bin/python2 (found suitable version "2.7.17", minimum required is "2") 
-- Using PYTHON_EXECUTABLE: /usr/bin/python2
-- Using Debian Python package layout
-- Using empy: /usr/bin/empy
-- Using CATKIN_ENABLE_TESTING: ON
-- Call enable_testing()
-- Using CATKIN_TEST_RESULTS_DIR: /home/wsl/ctrl_ws/src/thor_prefilter_controller/build/thor_prefilter_controller/test_results
-- Found gtest sources under '/usr/src/googletest': gtests will be built
-- Found gmock sources under '/usr/src/googletest': gmock will be built
-- Found PythonInterp: /usr/bin/python2 (found version "2.7.17") 
-- Looking for pthread.h
-- Looking for pthread.h - found
-- Looking for pthread_create
-- Looking for pthread_create - not found
-- Looking for pthread_create in pthreads
-- Looking for pthread_create in pthreads - not found
-- Looking for pthread_create in pthread
-- Looking for pthread_create in pthread - found
-- Found Threads: TRUE  
-- Using Python nosetests: /usr/bin/nosetests-2.7
-- catkin 0.7.26
-- BUILD_SHARED_LIBS is on
-- Using these message generators: gencpp;geneus;genlisp;gennodejs;genpy
-- Configuring done
-- Generating done
-- Build files have been written to: /home/wsl/ctrl_ws/src/thor_prefilter_controller/build/thor_prefilter_controller
[35m[1mScanning dependencies of target moveit_planning_helper_generate_messages_cpp[0m
[35m[1mScanning dependencies of target object_recognition_msgs_generate_messages_py[0m
[35m[1mScanning dependencies of target moveit_msgs_generate_messages_py[0m
[35m[1mScanning dependencies of target object_recognition_msgs_generate_messages_nodejs[0m
[35m[1mScanning dependencies of target moveit_msgs_generate_messages_lisp[0m
[35m[1mScanning dependencies of target tf2_msgs_generate_messages_eus[0m
[35m[1mScanning dependencies of target visualization_msgs_generate_messages_cpp[0m
[35m[1mScanning dependencies of target visualization_msgs_generate_messages_nodejs[0m
[35m[1mScanning dependencies of target visualization_msgs_generate_messages_py[0m
[35m[1mScanning dependencies of target moveit_msgs_generate_messages_eus[0m
[35m[1mScanning dependencies of target object_recognition_msgs_generate_messages_lisp[0m
[35m[1mScanning dependencies of target shape_msgs_generate_messages_nodejs[0m
[  0%] Built target moveit_msgs_generate_messages_py
[  0%] Built target object_recognition_msgs_generate_messages_py
[  0%] Built target object_recognition_msgs_generate_messages_nodejs
[  0%] Built target tf2_msgs_generate_messages_eus
[  0%] Built target moveit_msgs_generate_messages_lisp
[  0%] Built target moveit_planning_helper_generate_messages_cpp
[  0%] Built target visualization_msgs_generate_messages_cpp
[  0%] Built target visualization_msgs_generate_messages_nodejs
[  0%] Built target moveit_msgs_generate_messages_eus
[  0%] Built target visualization_msgs_generate_messages_py
[  0%] Built target object_recognition_msgs_generate_messages_lisp
[  0%] Built target shape_msgs_generate_messages_nodejs
[35m[1mScanning dependencies of target roscpp_generate_messages_py[0m
[35m[1mScanning dependencies of target std_srvs_generate_messages_eus[0m
[35m[1mScanning dependencies of target geometry_msgs_generate_messages_nodejs[0m
[35m[1mScanning dependencies of target moveit_planning_helper_generate_messages_lisp[0m
[35m[1mScanning dependencies of target control_msgs_generate_messages_cpp[0m
[35m[1mScanning dependencies of target roscpp_generate_messages_lisp[0m
[35m[1mScanning dependencies of target bond_generate_messages_eus[0m
[35m[1mScanning dependencies of target geometry_msgs_generate_messages_eus[0m
[35m[1mScanning dependencies of target std_msgs_generate_messages_lisp[0m
[35m[1mScanning dependencies of target octomap_msgs_generate_messages_lisp[0m
[35m[1mScanning dependencies of target std_msgs_generate_messages_py[0m
[35m[1mScanning dependencies of target roscpp_generate_messages_nodejs[0m
[  0%] Built target geometry_msgs_generate_messages_nodejs
[  0%] Built target control_msgs_generate_messages_cpp
[  0%] Built target geometry_msgs_generate_messages_eus
[  0%] Built target std_srvs_generate_messages_eus
[  0%] Built target roscpp_generate_messages_lisp
[  0%] Built target bond_generate_messages_eus
[  0%] Built target std_msgs_generate_messages_lisp
[  0%] Built target moveit_planning_helper_generate_messages_lisp
[  0%] Built target roscpp_generate_messages_py
[  0%] Built target octomap_msgs_generate_messages_lisp
[  0%] Built target roscpp_generate_messages_nodejs
[  0%] Built target std_msgs_generate_messages_py
[35m[1mScanning dependencies of target rosgraph_msgs_generate_messages_lisp[0m
[35m[1mScanning dependencies of target rosgraph_msgs_generate_messages_cpp[0m
[35m[1mScanning dependencies of target rosgraph_msgs_generate_messages_eus[0m
[35m[1mScanning dependencies of target object_recognition_msgs_generate_messages_cpp[0m
[35m[1mScanning dependencies of target visualization_msgs_generate_messages_lisp[0m
[35m[1mScanning dependencies of target trajectory_msgs_generate_messages_py[0m
[35m[1mScanning dependencies of target std_msgs_generate_messages_eus[0m
[35m[1mScanning dependencies of target rosgraph_msgs_generate_messages_nodejs[0m
[35m[1mScanning dependencies of target diagnostic_msgs_generate_messages_lisp[0m
[35m[1mScanning dependencies of target control_msgs_generate_messages_py[0m
[35m[1mScanning dependencies of target diagnostic_msgs_generate_messages_eus[0m
[35m[1mScanning dependencies of target actionlib_msgs_generate_messages_lisp[0m
[  0%] Built target rosgraph_msgs_generate_messages_lisp
[  0%] Built target rosgraph_msgs_generate_messages_eus
[  0%] Built target rosgraph_msgs_generate_messages_cpp
[  0%] Built target object_recognition_msgs_generate_messages_cpp
[  0%] Built target visualization_msgs_generate_messages_lisp
[  0%] Built target std_msgs_generate_messages_eus
[  0%] Built target control_msgs_generate_messages_py
[  0%] Built target trajectory_msgs_generate_messages_py
[  0%] Built target diagnostic_msgs_generate_messages_lisp
[  0%] Built target diagnostic_msgs_generate_messages_eus
[  0%] Built target rosgraph_msgs_generate_messages_nodejs
[  0%] Built target actionlib_msgs_generate_messages_lisp
[35m[1mScanning dependencies of target object_recognition_msgs_generate_messages_eus[0m
[35m[1mScanning dependencies of target diagnostic_msgs_generate_messages_py[0m
[35m[1mScanning dependencies of target nodelet_generate_messages_eus[0m
[35m[1mScanning dependencies of target controller_manager_msgs_generate_messages_lisp[0m
[35m[1mScanning dependencies of target nodelet_generate_messages_cpp[0m
[35m[1mScanning dependencies of target bond_generate_messages_py[0m
[35m[1mScanning dependencies of target geometry_msgs_generate_messages_cpp[0m
[35m[1mScanning dependencies of target nodelet_generate_messages_lisp[0m
[35m[1mScanning dependencies of target actionlib_generate_messages_lisp[0m
[35m[1mScanning dependencies of target controller_manager_msgs_generate_messages_py[0m
[35m[1mScanning dependencies of target tf_generate_messages_nodejs[0m
[35m[1mScanning dependencies of target tf2_msgs_generate_messages_cpp[0m
[  0%] Built target nodelet_generate_messages_cpp
[  0%] Built target diagnostic_msgs_generate_messages_py
[  0%] Built target object_recognition_msgs_generate_messages_eus
[  0%] Built target nodelet_generate_messages_eus
[  0%] Built target controller_manager_msgs_generate_messages_lisp
[  0%] Built target bond_generate_messages_py
[  0%] Built target actionlib_generate_messages_lisp
[  0%] Built target nodelet_generate_messages_lisp
[  0%] Built target geometry_msgs_generate_messages_cpp
[  0%] Built target controller_manager_msgs_generate_messages_py
[  0%] Built target tf_generate_messages_nodejs
[  0%] Built target tf2_msgs_generate_messages_cpp
[35m[1mScanning dependencies of target octomap_msgs_generate_messages_py[0m
[35m[1mScanning dependencies of target octomap_msgs_generate_messages_eus[0m
[35m[1mScanning dependencies of target octomap_msgs_generate_messages_cpp[0m
[35m[1mScanning dependencies of target octomap_msgs_generate_messages_nodejs[0m
[35m[1mScanning dependencies of target std_srvs_generate_messages_nodejs[0m
[35m[1mScanning dependencies of target dynamic_reconfigure_generate_messages_py[0m
[35m[1mScanning dependencies of target moveit_planning_helper_generate_messages_py[0m
[35m[1mScanning dependencies of target shape_msgs_generate_messages_lisp[0m
[35m[1mScanning dependencies of target moveit_planning_helper_generate_messages_nodejs[0m
[35m[1mScanning dependencies of target shape_msgs_generate_messages_py[0m
[35m[1mScanning dependencies of target trajectory_msgs_generate_messages_cpp[0m
[35m[1mScanning dependencies of target moveit_msgs_generate_messages_nodejs[0m
[  0%] Built target octomap_msgs_generate_messages_py
[  0%] Built target octomap_msgs_generate_messages_cpp
[  0%] Built target octomap_msgs_generate_messages_eus
[  0%] Built target octomap_msgs_generate_messages_nodejs
[  0%] Built target std_srvs_generate_messages_nodejs
[  0%] Built target shape_msgs_generate_messages_lisp
[  0%] Built target dynamic_reconfigure_generate_messages_py
[  0%] Built target moveit_planning_helper_generate_messages_py
[  0%] Built target shape_msgs_generate_messages_py
[  0%] Built target trajectory_msgs_generate_messages_cpp
[  0%] Built target moveit_planning_helper_generate_messages_nodejs
[  0%] Built target moveit_msgs_generate_messages_nodejs
[35m[1mScanning dependencies of target sensor_msgs_generate_messages_nodejs[0m
[35m[1mScanning dependencies of target moveit_ros_manipulation_gencfg[0m
[35m[1mScanning dependencies of target sensor_msgs_generate_messages_lisp[0m
[35m[1mScanning dependencies of target tf_generate_messages_lisp[0m
[35m[1mScanning dependencies of target graph_msgs_generate_messages_nodejs[0m
[35m[1mScanning dependencies of target std_srvs_generate_messages_py[0m
[35m[1mScanning dependencies of target dynamic_reconfigure_generate_messages_nodejs[0m
[35m[1mScanning dependencies of target std_srvs_generate_messages_lisp[0m
[35m[1mScanning dependencies of target dynamic_reconfigure_generate_messages_lisp[0m
[35m[1mScanning dependencies of target dynamic_reconfigure_generate_messages_eus[0m
[35m[1mScanning dependencies of target std_srvs_generate_messages_cpp[0m
[  0%] Built target sensor_msgs_generate_messages_nodejs
[35m[1mScanning dependencies of target graph_msgs_generate_messages_eus[0m
[  0%] Built target moveit_ros_manipulation_gencfg
[  0%] Built target tf_generate_messages_lisp
[  0%] Built target sensor_msgs_generate_messages_lisp
[  0%] Built target graph_msgs_generate_messages_nodejs
[  0%] Built target dynamic_reconfigure_generate_messages_nodejs
[  0%] Built target std_srvs_generate_messages_lisp
[  0%] Built target std_srvs_generate_messages_py
[  0%] Built target dynamic_reconfigure_generate_messages_lisp
[35m[1mScanning dependencies of target controller_manager_msgs_generate_messages_cpp[0m
[  0%] Built target dynamic_reconfigure_generate_messages_eus
[  0%] Built target std_srvs_generate_messages_cpp
[  0%] Built target graph_msgs_generate_messages_eus
[35m[1mScanning dependencies of target geometry_msgs_generate_messages_py[0m
[35m[1mScanning dependencies of target controller_manager_msgs_generate_messages_nodejs[0m
[35m[1mScanning dependencies of target geometry_msgs_generate_messages_lisp[0m
[35m[1mScanning dependencies of target shape_msgs_generate_messages_cpp[0m
[35m[1mScanning dependencies of target actionlib_msgs_generate_messages_py[0m
[35m[1mScanning dependencies of target moveit_msgs_generate_messages_cpp[0m
[35m[1mScanning dependencies of target std_msgs_generate_messages_nodejs[0m
[  0%] Built target controller_manager_msgs_generate_messages_cpp
[35m[1mScanning dependencies of target bond_generate_messages_lisp[0m
[35m[1mScanning dependencies of target sensor_msgs_generate_messages_cpp[0m
[35m[1mScanning dependencies of target sensor_msgs_generate_messages_eus[0m
[  0%] Built target geometry_msgs_generate_messages_lisp
[  0%] Built target controller_manager_msgs_generate_messages_nodejs
[  0%] Built target geometry_msgs_generate_messages_py
[35m[1mScanning dependencies of target trajectory_msgs_generate_messages_eus[0m
[  0%] Built target shape_msgs_generate_messages_cpp
[  0%] Built target actionlib_msgs_generate_messages_py
[  0%] Built target moveit_msgs_generate_messages_cpp
[  0%] Built target std_msgs_generate_messages_nodejs
[  0%] Built target sensor_msgs_generate_messages_cpp
[  0%] Built target bond_generate_messages_lisp
[35m[1mScanning dependencies of target controller_manager_msgs_generate_messages_eus[0m
[  0%] Built target sensor_msgs_generate_messages_eus
[  0%] Built target trajectory_msgs_generate_messages_eus
[35m[1mScanning dependencies of target std_msgs_generate_messages_cpp[0m
[35m[1mScanning dependencies of target nodelet_generate_messages_py[0m
[35m[1mScanning dependencies of target moveit_planning_helper_generate_messages_eus[0m
[35m[1mScanning dependencies of target sensor_msgs_generate_messages_py[0m
[35m[1mScanning dependencies of target actionlib_generate_messages_cpp[0m
[35m[1mScanning dependencies of target actionlib_msgs_generate_messages_nodejs[0m
[35m[1mScanning dependencies of target shape_msgs_generate_messages_eus[0m
[35m[1mScanning dependencies of target tf_generate_messages_py[0m
[35m[1mScanning dependencies of target graph_msgs_generate_messages_lisp[0m
[  0%] Built target controller_manager_msgs_generate_messages_eus
[35m[1mScanning dependencies of target dynamic_reconfigure_generate_messages_cpp[0m
[35m[1mScanning dependencies of target moveit_ros_planning_gencfg[0m
[  0%] Built target nodelet_generate_messages_py
[  0%] Built target std_msgs_generate_messages_cpp
[  0%] Built target sensor_msgs_generate_messages_py
[  0%] Built target moveit_planning_helper_generate_messages_eus
[  0%] Built target actionlib_generate_messages_cpp
[  0%] Built target actionlib_msgs_generate_messages_nodejs
[  0%] Built target shape_msgs_generate_messages_eus
[  0%] Built target graph_msgs_generate_messages_lisp
[  0%] Built target tf_generate_messages_py
[35m[1mScanning dependencies of target tf2_msgs_generate_messages_nodejs[0m
[  0%] Built target dynamic_reconfigure_generate_messages_cpp
[  0%] Built target moveit_ros_planning_gencfg
[35m[1mScanning dependencies of target rosgraph_msgs_generate_messages_py[0m
[35m[1mScanning dependencies of target dynamic_reconfigure_gencfg[0m
[35m[1mScanning dependencies of target tf2_msgs_generate_messages_lisp[0m
[35m[1mScanning dependencies of target roscpp_generate_messages_eus[0m
[35m[1mScanning dependencies of target actionlib_msgs_generate_messages_eus[0m
[35m[1mScanning dependencies of target nodelet_generate_messages_nodejs[0m
[35m[1mScanning dependencies of target trajectory_msgs_generate_messages_lisp[0m
[35m[1mScanning dependencies of target bond_generate_messages_cpp[0m
[35m[1mScanning dependencies of target trajectory_msgs_generate_messages_nodejs[0m
[  0%] Built target rosgraph_msgs_generate_messages_py
[35m[1mScanning dependencies of target bond_generate_messages_nodejs[0m
[  0%] Built target tf2_msgs_generate_messages_nodejs
[  0%] Built target dynamic_reconfigure_gencfg
[35m[1mScanning dependencies of target configuration_msgs_generate_messages_eus[0m
[  0%] Built target tf2_msgs_generate_messages_lisp
[  0%] Built target roscpp_generate_messages_eus
[  0%] Built target actionlib_msgs_generate_messages_eus
[  0%] Built target trajectory_msgs_generate_messages_lisp
[  0%] Built target nodelet_generate_messages_nodejs
[  0%] Built target trajectory_msgs_generate_messages_nodejs
[  0%] Built target bond_generate_messages_cpp
[  0%] Built target bond_generate_messages_nodejs
[35m[1mScanning dependencies of target configuration_msgs_generate_messages_cpp[0m
[35m[1mScanning dependencies of target tf_generate_messages_eus[0m
[35m[1mScanning dependencies of target graph_msgs_generate_messages_cpp[0m
[35m[1mScanning dependencies of target configuration_msgs_generate_messages_py[0m
[  0%] Built target configuration_msgs_generate_messages_eus
[35m[1mScanning dependencies of target configuration_msgs_generate_messages_nodejs[0m
[35m[1mScanning dependencies of target configuration_msgs_generate_messages_lisp[0m
[35m[1mScanning dependencies of target actionlib_msgs_generate_messages_cpp[0m
[35m[1mScanning dependencies of target diagnostic_msgs_generate_messages_cpp[0m
[35m[1mScanning dependencies of target graph_msgs_generate_messages_py[0m
[35m[1mScanning dependencies of target tf_generate_messages_cpp[0m
[  0%] Built target tf_generate_messages_eus
[35m[1mScanning dependencies of target actionlib_generate_messages_eus[0m
[  0%] Built target configuration_msgs_generate_messages_cpp
[  0%] Built target graph_msgs_generate_messages_cpp
[35m[1mScanning dependencies of target actionlib_generate_messages_nodejs[0m
[  0%] Built target configuration_msgs_generate_messages_py
[  0%] Built target configuration_msgs_generate_messages_nodejs
[  0%] Built target configuration_msgs_generate_messages_lisp
[  0%] Built target diagnostic_msgs_generate_messages_cpp
[  0%] Built target actionlib_generate_messages_eus
[  0%] Built target actionlib_msgs_generate_messages_cpp
[  0%] Built target graph_msgs_generate_messages_py
[35m[1mScanning dependencies of target tf2_msgs_generate_messages_py[0m
[  0%] Built target tf_generate_messages_cpp
[35m[1mScanning dependencies of target actionlib_generate_messages_py[0m
[35m[1mScanning dependencies of target control_msgs_generate_messages_eus[0m
[35m[1mScanning dependencies of target diagnostic_msgs_generate_messages_nodejs[0m
[  0%] Built target actionlib_generate_messages_nodejs
[35m[1mScanning dependencies of target roscpp_generate_messages_cpp[0m
[35m[1mScanning dependencies of target control_msgs_generate_messages_lisp[0m
[35m[1mScanning dependencies of target control_msgs_generate_messages_nodejs[0m
[  0%] Built target tf2_msgs_generate_messages_py
[35m[1mScanning dependencies of target visualization_msgs_generate_messages_eus[0m
[  0%] Built target control_msgs_generate_messages_eus
[  0%] Built target actionlib_generate_messages_py
[  0%] Built target diagnostic_msgs_generate_messages_nodejs
[  0%] Built target control_msgs_generate_messages_lisp
[  0%] Built target control_msgs_generate_messages_nodejs
[  0%] Built target roscpp_generate_messages_cpp
[  0%] Built target visualization_msgs_generate_messages_eus
[35m[1mScanning dependencies of target thor_prefilter_controller[0m
[ 50%] [32mBuilding CXX object CMakeFiles/thor_prefilter_controller.dir/src/thor_prefilter_controller/thor_prefilter_controller.cpp.o[0m
[100%] [32m[1mLinking CXX shared library devel/lib/libthor_prefilter_controller.so[0m
[100%] Built target thor_prefilter_controller
[35m[1mScanning dependencies of target tests[0m
Built target tests
[  0%] Built target object_recognition_msgs_generate_messages_py
[  0%] Built target tf2_msgs_generate_messages_eus
[  0%] Built target visualization_msgs_generate_messages_py
[  0%] Built target object_recognition_msgs_generate_messages_lisp
[  0%] Built target moveit_planning_helper_generate_messages_cpp
[  0%] Built target moveit_msgs_generate_messages_py
[  0%] Built target moveit_msgs_generate_messages_eus
[  0%] Built target moveit_msgs_generate_messages_lisp
[  0%] Built target shape_msgs_generate_messages_nodejs
[  0%] Built target object_recognition_msgs_generate_messages_nodejs
[  0%] Built target visualization_msgs_generate_messages_nodejs
[  0%] Built target visualization_msgs_generate_messages_cpp
[  0%] Built target moveit_planning_helper_generate_messages_lisp
[  0%] Built target bond_generate_messages_eus
[  0%] Built target roscpp_generate_messages_py
[  0%] Built target octomap_msgs_generate_messages_lisp
[  0%] Built target roscpp_generate_messages_lisp
[  0%] Built target geometry_msgs_generate_messages_nodejs
[  0%] Built target roscpp_generate_messages_nodejs
[  0%] Built target std_msgs_generate_messages_py
[  0%] Built target std_srvs_generate_messages_eus
[  0%] Built target geometry_msgs_generate_messages_eus
[  0%] Built target control_msgs_generate_messages_cpp
[  0%] Built target std_msgs_generate_messages_lisp
[  0%] Built target rosgraph_msgs_generate_messages_cpp
[  0%] Built target object_recognition_msgs_generate_messages_cpp
[  0%] Built target std_msgs_generate_messages_eus
[  0%] Built target rosgraph_msgs_generate_messages_lisp
[  0%] Built target trajectory_msgs_generate_messages_py
[  0%] Built target rosgraph_msgs_generate_messages_eus
[  0%] Built target visualization_msgs_generate_messages_lisp
[  0%] Built target diagnostic_msgs_generate_messages_lisp
[  0%] Built target rosgraph_msgs_generate_messages_nodejs
[  0%] Built target actionlib_msgs_generate_messages_lisp
[  0%] Built target diagnostic_msgs_generate_messages_eus
[  0%] Built target control_msgs_generate_messages_py
[  0%] Built target object_recognition_msgs_generate_messages_eus
[  0%] Built target diagnostic_msgs_generate_messages_py
[  0%] Built target controller_manager_msgs_generate_messages_lisp
[  0%] Built target nodelet_generate_messages_eus
[  0%] Built target geometry_msgs_generate_messages_cpp
[  0%] Built target bond_generate_messages_py
[  0%] Built target controller_manager_msgs_generate_messages_py
[  0%] Built target actionlib_generate_messages_lisp
[  0%] Built target tf2_msgs_generate_messages_cpp
[  0%] Built target nodelet_generate_messages_cpp
[  0%] Built target tf_generate_messages_nodejs
[  0%] Built target nodelet_generate_messages_lisp
[  0%] Built target octomap_msgs_generate_messages_eus
[  0%] Built target octomap_msgs_generate_messages_py
[  0%] Built target std_srvs_generate_messages_nodejs
[  0%] Built target octomap_msgs_generate_messages_cpp
[  0%] Built target octomap_msgs_generate_messages_nodejs
[  0%] Built target moveit_planning_helper_generate_messages_nodejs
[  0%] Built target shape_msgs_generate_messages_lisp
[  0%] Built target dynamic_reconfigure_generate_messages_py
[  0%] Built target moveit_planning_helper_generate_messages_py
[  0%] Built target trajectory_msgs_generate_messages_cpp
[  0%] Built target shape_msgs_generate_messages_py
[  0%] Built target moveit_msgs_generate_messages_nodejs
[  0%] Built target tf_generate_messages_lisp
[  0%] Built target sensor_msgs_generate_messages_nodejs
[  0%] Built target moveit_ros_manipulation_gencfg
[  0%] Built target sensor_msgs_generate_messages_lisp
[  0%] Built target std_srvs_generate_messages_lisp
[  0%] Built target dynamic_reconfigure_generate_messages_nodejs
[  0%] Built target graph_msgs_generate_messages_nodejs
[  0%] Built target std_srvs_generate_messages_py
[  0%] Built target graph_msgs_generate_messages_eus
[  0%] Built target dynamic_reconfigure_generate_messages_lisp
[  0%] Built target dynamic_reconfigure_generate_messages_eus
[  0%] Built target std_srvs_generate_messages_cpp
[  0%] Built target controller_manager_msgs_generate_messages_cpp
[  0%] Built target actionlib_msgs_generate_messages_py
[  0%] Built target geometry_msgs_generate_messages_py
[  0%] Built target shape_msgs_generate_messages_cpp
[  0%] Built target controller_manager_msgs_generate_messages_nodejs
[  0%] Built target std_msgs_generate_messages_nodejs
[  0%] Built target bond_generate_messages_lisp
[  0%] Built target moveit_msgs_generate_messages_cpp
[  0%] Built target sensor_msgs_generate_messages_eus
[  0%] Built target geometry_msgs_generate_messages_lisp
[  0%] Built target sensor_msgs_generate_messages_cpp
[  0%] Built target trajectory_msgs_generate_messages_eus
[  0%] Built target nodelet_generate_messages_py
[  0%] Built target controller_manager_msgs_generate_messages_eus
[  0%] Built target actionlib_generate_messages_cpp
[  0%] Built target sensor_msgs_generate_messages_py
[  0%] Built target std_msgs_generate_messages_cpp
[  0%] Built target graph_msgs_generate_messages_lisp
[  0%] Built target moveit_planning_helper_generate_messages_eus
[  0%] Built target shape_msgs_generate_messages_eus
[  0%] Built target actionlib_msgs_generate_messages_nodejs
[  0%] Built target dynamic_reconfigure_generate_messages_cpp
[  0%] Built target tf_generate_messages_py
[  0%] Built target moveit_ros_planning_gencfg
[  0%] Built target tf2_msgs_generate_messages_nodejs
[  0%] Built target dynamic_reconfigure_gencfg
[  0%] Built target tf2_msgs_generate_messages_lisp
[  0%] Built target roscpp_generate_messages_eus
[  0%] Built target rosgraph_msgs_generate_messages_py
[  0%] Built target nodelet_generate_messages_nodejs
[  0%] Built target actionlib_msgs_generate_messages_eus
[  0%] Built target bond_generate_messages_cpp
[  0%] Built target trajectory_msgs_generate_messages_lisp
[  0%] Built target bond_generate_messages_nodejs
[  0%] Built target trajectory_msgs_generate_messages_nodejs
[  0%] Built target configuration_msgs_generate_messages_eus
[  0%] Built target graph_msgs_generate_messages_cpp
[  0%] Built target configuration_msgs_generate_messages_cpp
[  0%] Built target tf_generate_messages_eus
[  0%] Built target configuration_msgs_generate_messages_py
[  0%] Built target actionlib_msgs_generate_messages_cpp
[  0%] Built target configuration_msgs_generate_messages_nodejs
[  0%] Built target configuration_msgs_generate_messages_lisp
[  0%] Built target graph_msgs_generate_messages_py
[  0%] Built target diagnostic_msgs_generate_messages_cpp
[  0%] Built target actionlib_generate_messages_eus
[  0%] Built target tf_generate_messages_cpp
[  0%] Built target actionlib_generate_messages_nodejs
[  0%] Built target tf2_msgs_generate_messages_py
[  0%] Built target roscpp_generate_messages_cpp
[  0%] Built target actionlib_generate_messages_py
[  0%] Built target control_msgs_generate_messages_eus
[  0%] Built target diagnostic_msgs_generate_messages_nodejs
[  0%] Built target control_msgs_generate_messages_lisp
[  0%] Built target control_msgs_generate_messages_nodejs
[  0%] Built target visualization_msgs_generate_messages_eus
[100%] Built target thor_prefilter_controller
[36mInstall the project...[0m
-- Install configuration: "Release"
-- Installing: /home/wsl/ctrl_ws/src/thor_prefilter_controller/install/thor_prefilter_controller/lib/pkgconfig/thor_prefilter_controller.pc
-- Installing: /home/wsl/ctrl_ws/src/thor_prefilter_controller/install/thor_prefilter_controller/share/thor_prefilter_controller/cmake/thor_prefilter_controllerConfig.cmake
-- Installing: /home/wsl/ctrl_ws/src/thor_prefilter_controller/install/thor_prefilter_controller/share/thor_prefilter_controller/cmake/thor_prefilter_controllerConfig-version.cmake
-- Installing: /home/wsl/ctrl_ws/src/thor_prefilter_controller/install/thor_prefilter_controller/share/thor_prefilter_controller/package.xml
-- Installing: /home/wsl/ctrl_ws/src/thor_prefilter_controller/install/thor_prefilter_controller/lib/libthor_prefilter_controller.so
-- Set runtime path of "/home/wsl/ctrl_ws/src/thor_prefilter_controller/install/thor_prefilter_controller/lib/libthor_prefilter_controller.so" to ""
-- Installing: /home/wsl/ctrl_ws/src/thor_prefilter_controller/install/thor_prefilter_controller/include/thor_prefilter_controller
-- Installing: /home/wsl/ctrl_ws/src/thor_prefilter_controller/install/thor_prefilter_controller/include/thor_prefilter_controller/thor_prefilter_controller_impl.h
-- Installing: /home/wsl/ctrl_ws/src/thor_prefilter_controller/install/thor_prefilter_controller/include/thor_prefilter_controller/thor_prefilter_controller.h
