[0.050s] Invoking command in '/home/wsl/ctrl_ws/src/thor_prefilter_controller/build/thor_prefilter_controller': /usr/bin/cmake /home/wsl/ctrl_ws/src/thor_prefilter_controller -DCATKIN_INSTALL_INTO_PREFIX_ROOT=0 -DCMAKE_INSTALL_PREFIX=/home/wsl/ctrl_ws/src/thor_prefilter_controller/install/thor_prefilter_controller
[0.675s] -- The C compiler identification is GNU 7.5.0
[1.492s] -- The CXX compiler identification is GNU 7.5.0
[1.872s] -- Check for working C compiler: /usr/bin/cc
[2.445s] -- Check for working C compiler: /usr/bin/cc -- works
[2.447s] -- Detecting C compiler ABI info
[3.006s] -- Detecting C compiler ABI info - done
[3.021s] -- Detecting C compile features
[4.806s] -- Detecting C compile features - done
[4.813s] -- Check for working CXX compiler: /usr/bin/c++
[5.454s] -- Check for working CXX compiler: /usr/bin/c++ -- works
[5.456s] -- Detecting CXX compiler ABI info
[6.102s] -- Detecting CXX compiler ABI info - done
[6.117s] -- Detecting CXX compile features
[8.723s] -- Detecting CXX compile features - done
[8.739s] -- Using CATKIN_DEVEL_PREFIX: /home/wsl/ctrl_ws/src/thor_prefilter_controller/build/thor_prefilter_controller/devel
[8.740s] -- Using CMAKE_PREFIX_PATH: /home/wsl/ctrl_ws/install/ur_identification;/home/wsl/ctrl_ws/install/ur_hardware_interface;/home/wsl/ctrl_ws/install/dimostratore_moveit_config;/home/wsl/ctrl_ws/install/dimostratore_descriptions;/home/wsl/ctrl_ws/install/ur_description;/home/wsl/ctrl_ws/install/ur_app;/home/wsl/ctrl_ws/install/dimostratore_configurations;/home/wsl/ctrl_ws/install/thor_prefilter_controller;/home/wsl/ctrl_ws/install/thor_prefilter;/home/wsl/ctrl_ws/install/tf_helper;/home/wsl/ctrl_ws/install/termcolor;/home/wsl/ctrl_ws/install/robots_teleop_gui;/home/wsl/ctrl_ws/install/joint_test_suite;/home/wsl/ctrl_ws/install/cnr_velocity_to_torque_controller;/home/wsl/ctrl_ws/install/cnr_topics_hardware_interface;/home/wsl/ctrl_ws/install/cnr_topic_hardware_interface;/home/wsl/ctrl_ws/install/cnr_position_to_velocity_controller;/home/wsl/ctrl_ws/install/cnr_open_loop_position_controller;/home/wsl/ctrl_ws/install/cnr_joint_teleop_controller;/home/wsl/ctrl_ws/install/cnr_joint_state_publisher;/home/wsl/ctrl_ws/install/cnr_configuration_manager;/home/wsl/ctrl_ws/install/subscription_notifier;/home/wsl/ctrl_ws/install/stiima_lab_descriptions;/home/wsl/ctrl_ws/install/si_utils;/home/wsl/ctrl_ws/install/rosdyn_gui;/home/wsl/ctrl_ws/install/moveit_planning_helper;/home/wsl/ctrl_ws/install/eigen_state_space_systems;/home/wsl/ctrl_ws/install/eigen_matrix_utils;/home/wsl/ctrl_ws/install/rosparam_utilities;/home/wsl/ctrl_ws/install/rosdyn_identification_msgs;/home/wsl/ctrl_ws/install/robotiq_modbus_tcp;/home/wsl/ctrl_ws/install/robotiq_modbus_rtu;/home/wsl/ctrl_ws/install/robotiq_ft_sensor;/home/wsl/ctrl_ws/install/robotiq_ethercat;/home/wsl/ctrl_ws/install/robotiq_85_msgs;/home/wsl/ctrl_ws/install/robotiq_85_moveit_config;/home/wsl/ctrl_ws/install/robotiq_85_gazebo;/home/wsl/ctrl_ws/install/robotiq_85_description;/home/wsl/ctrl_ws/install/robotiq_3f_gripper_articulated_gazebo;/home/wsl/ctrl_ws/install/robotiq_3f_gripper_visualization;/home/wsl/ctrl_ws/install/robotiq_3f_gripper_articulated_gazebo_plugins;/home/wsl/ctrl_ws/install/robotiq_3f_gripper_articulated_msgs;/home/wsl/ctrl_ws/install/robotiq_2f_c2_gripper_visualization;/home/wsl/ctrl_ws/install/robotiq_2f_85_gripper_visualization;/home/wsl/ctrl_ws/install/robotiq_2f_140_gripper_visualization;/home/wsl/ctrl_ws/install/roboticsgroup_gazebo_plugins;/home/wsl/ctrl_ws/install/cnr_fake_hardware_interface;/home/wsl/ctrl_ws/install/cnr_hardware_nodelet_interface;/home/wsl/ctrl_ws/install/cnr_hardware_interface;/home/wsl/ctrl_ws/install/cnr_controller_manager_interface;/home/wsl/ctrl_ws/install/cnr_controller_interface;/home/wsl/ctrl_ws/install/realtime_utilities;/home/wsl/ctrl_ws/install/name_sorting;/home/wsl/ctrl_ws/install/dimostratore_sensors;/home/wsl/ctrl_ws/install/ddynamic_reconfigure_python;/home/wsl/ctrl_ws/install/ddynamic_reconfigure;/home/wsl/ctrl_ws/install/configuration_gui;/home/wsl/ctrl_ws/install/configuration_msgs;/home/wsl/ctrl_ws/install/cnr_logger;/home/wsl/ctrl_ws/install/binary_logger;/home/wsl/ctrl_ws/install/additional_sensor_msgs;/home/wsl/ctrl_ws/devel;/opt/ros/melodic
[8.743s] -- This workspace overlays: /home/wsl/ctrl_ws/install/ur_identification;/home/wsl/ctrl_ws/install/ur_hardware_interface;/home/wsl/ctrl_ws/install/dimostratore_moveit_config;/home/wsl/ctrl_ws/install/dimostratore_descriptions;/home/wsl/ctrl_ws/install/ur_description;/home/wsl/ctrl_ws/install/ur_app;/home/wsl/ctrl_ws/install/dimostratore_configurations;/home/wsl/ctrl_ws/install/thor_prefilter_controller;/home/wsl/ctrl_ws/install/thor_prefilter;/home/wsl/ctrl_ws/install/tf_helper;/home/wsl/ctrl_ws/install/robots_teleop_gui;/home/wsl/ctrl_ws/install/joint_test_suite;/home/wsl/ctrl_ws/install/cnr_velocity_to_torque_controller;/home/wsl/ctrl_ws/install/cnr_topics_hardware_interface;/home/wsl/ctrl_ws/install/cnr_topic_hardware_interface;/home/wsl/ctrl_ws/install/cnr_position_to_velocity_controller;/home/wsl/ctrl_ws/install/cnr_open_loop_position_controller;/home/wsl/ctrl_ws/install/cnr_joint_teleop_controller;/home/wsl/ctrl_ws/install/cnr_joint_state_publisher;/home/wsl/ctrl_ws/install/cnr_configuration_manager;/home/wsl/ctrl_ws/install/subscription_notifier;/home/wsl/ctrl_ws/install/stiima_lab_descriptions;/home/wsl/ctrl_ws/install/si_utils;/home/wsl/ctrl_ws/install/rosdyn_gui;/home/wsl/ctrl_ws/install/moveit_planning_helper;/home/wsl/ctrl_ws/install/eigen_state_space_systems;/home/wsl/ctrl_ws/install/eigen_matrix_utils;/home/wsl/ctrl_ws/install/rosparam_utilities;/home/wsl/ctrl_ws/install/rosdyn_identification_msgs;/home/wsl/ctrl_ws/install/robotiq_modbus_tcp;/home/wsl/ctrl_ws/install/robotiq_modbus_rtu;/home/wsl/ctrl_ws/install/robotiq_ft_sensor;/home/wsl/ctrl_ws/install/robotiq_ethercat;/home/wsl/ctrl_ws/install/robotiq_85_msgs;/home/wsl/ctrl_ws/install/robotiq_85_moveit_config;/home/wsl/ctrl_ws/install/robotiq_85_gazebo;/home/wsl/ctrl_ws/install/robotiq_85_description;/home/wsl/ctrl_ws/install/robotiq_3f_gripper_articulated_gazebo;/home/wsl/ctrl_ws/install/robotiq_3f_gripper_visualization;/home/wsl/ctrl_ws/install/robotiq_3f_gripper_articulated_gazebo_plugins;/home/wsl/ctrl_ws/install/robotiq_3f_gripper_articulated_msgs;/home/wsl/ctrl_ws/install/robotiq_2f_c2_gripper_visualization;/home/wsl/ctrl_ws/install/robotiq_2f_85_gripper_visualization;/home/wsl/ctrl_ws/install/robotiq_2f_140_gripper_visualization;/home/wsl/ctrl_ws/install/roboticsgroup_gazebo_plugins;/home/wsl/ctrl_ws/install/cnr_fake_hardware_interface;/home/wsl/ctrl_ws/install/cnr_hardware_nodelet_interface;/home/wsl/ctrl_ws/install/cnr_hardware_interface;/home/wsl/ctrl_ws/install/cnr_controller_manager_interface;/home/wsl/ctrl_ws/install/cnr_controller_interface;/home/wsl/ctrl_ws/install/realtime_utilities;/home/wsl/ctrl_ws/install/name_sorting;/home/wsl/ctrl_ws/install/dimostratore_sensors;/home/wsl/ctrl_ws/install/ddynamic_reconfigure_python;/home/wsl/ctrl_ws/install/ddynamic_reconfigure;/home/wsl/ctrl_ws/install/configuration_gui;/home/wsl/ctrl_ws/install/configuration_msgs;/home/wsl/ctrl_ws/install/cnr_logger;/home/wsl/ctrl_ws/install/binary_logger;/home/wsl/ctrl_ws/install/additional_sensor_msgs;/opt/ros/melodic
[8.774s] -- Found PythonInterp: /usr/bin/python2 (found suitable version "2.7.17", minimum required is "2") 
[8.774s] -- Using PYTHON_EXECUTABLE: /usr/bin/python2
[8.775s] -- Using Debian Python package layout
[8.776s] -- Using empy: /usr/bin/empy
[9.089s] -- Using CATKIN_ENABLE_TESTING: ON
[9.090s] -- Call enable_testing()
[9.092s] -- Using CATKIN_TEST_RESULTS_DIR: /home/wsl/ctrl_ws/src/thor_prefilter_controller/build/thor_prefilter_controller/test_results
[16.100s] -- Found gtest sources under '/usr/src/googletest': gtests will be built
[16.100s] -- Found gmock sources under '/usr/src/googletest': gmock will be built
[16.149s] -- Found PythonInterp: /usr/bin/python2 (found version "2.7.17") 
[16.153s] -- Looking for pthread.h
[16.782s] -- Looking for pthread.h - found
[16.784s] -- Looking for pthread_create
[17.411s] -- Looking for pthread_create - not found
[17.412s] -- Looking for pthread_create in pthreads
[17.994s] -- Looking for pthread_create in pthreads - not found
[17.995s] -- Looking for pthread_create in pthread
[18.614s] -- Looking for pthread_create in pthread - found
[18.618s] -- Found Threads: TRUE  
[18.826s] -- Using Python nosetests: /usr/bin/nosetests-2.7
[19.172s] -- catkin 0.7.26
[19.172s] -- BUILD_SHARED_LIBS is on
[20.475s] -- Using these message generators: gencpp;geneus;genlisp;gennodejs;genpy
[21.661s] -- Configuring done
[21.774s] -- Generating done
[21.792s] -- Build files have been written to: /home/wsl/ctrl_ws/src/thor_prefilter_controller/build/thor_prefilter_controller
[21.798s] Invoked command in '/home/wsl/ctrl_ws/src/thor_prefilter_controller/build/thor_prefilter_controller' returned '0': /usr/bin/cmake /home/wsl/ctrl_ws/src/thor_prefilter_controller -DCATKIN_INSTALL_INTO_PREFIX_ROOT=0 -DCMAKE_INSTALL_PREFIX=/home/wsl/ctrl_ws/src/thor_prefilter_controller/install/thor_prefilter_controller
[21.802s] Invoking command in '/home/wsl/ctrl_ws/src/thor_prefilter_controller/build/thor_prefilter_controller': /usr/bin/cmake --build /home/wsl/ctrl_ws/src/thor_prefilter_controller/build/thor_prefilter_controller -- -j12 -l12
[21.909s] [35m[1mScanning dependencies of target moveit_planning_helper_generate_messages_cpp[0m
[21.909s] [35m[1mScanning dependencies of target object_recognition_msgs_generate_messages_py[0m
[21.910s] [35m[1mScanning dependencies of target moveit_msgs_generate_messages_py[0m
[21.910s] [35m[1mScanning dependencies of target object_recognition_msgs_generate_messages_nodejs[0m
[21.911s] [35m[1mScanning dependencies of target moveit_msgs_generate_messages_lisp[0m
[21.912s] [35m[1mScanning dependencies of target tf2_msgs_generate_messages_eus[0m
[21.912s] [35m[1mScanning dependencies of target visualization_msgs_generate_messages_cpp[0m
[21.913s] [35m[1mScanning dependencies of target visualization_msgs_generate_messages_nodejs[0m
[21.914s] [35m[1mScanning dependencies of target visualization_msgs_generate_messages_py[0m
[21.914s] [35m[1mScanning dependencies of target moveit_msgs_generate_messages_eus[0m
[21.915s] [35m[1mScanning dependencies of target object_recognition_msgs_generate_messages_lisp[0m
[21.917s] [35m[1mScanning dependencies of target shape_msgs_generate_messages_nodejs[0m
[21.947s] [  0%] Built target moveit_msgs_generate_messages_py
[21.949s] [  0%] Built target object_recognition_msgs_generate_messages_py
[21.949s] [  0%] Built target object_recognition_msgs_generate_messages_nodejs
[21.950s] [  0%] Built target tf2_msgs_generate_messages_eus
[21.950s] [  0%] Built target moveit_msgs_generate_messages_lisp
[21.951s] [  0%] Built target moveit_planning_helper_generate_messages_cpp
[21.951s] [  0%] Built target visualization_msgs_generate_messages_cpp
[21.953s] [  0%] Built target visualization_msgs_generate_messages_nodejs
[21.954s] [  0%] Built target moveit_msgs_generate_messages_eus
[21.955s] [  0%] Built target visualization_msgs_generate_messages_py
[21.955s] [  0%] Built target object_recognition_msgs_generate_messages_lisp
[21.957s] [  0%] Built target shape_msgs_generate_messages_nodejs
[21.988s] [35m[1mScanning dependencies of target roscpp_generate_messages_py[0m
[21.988s] [35m[1mScanning dependencies of target std_srvs_generate_messages_eus[0m
[21.989s] [35m[1mScanning dependencies of target geometry_msgs_generate_messages_nodejs[0m
[21.989s] [35m[1mScanning dependencies of target moveit_planning_helper_generate_messages_lisp[0m
[21.990s] [35m[1mScanning dependencies of target control_msgs_generate_messages_cpp[0m
[21.990s] [35m[1mScanning dependencies of target roscpp_generate_messages_lisp[0m
[21.991s] [35m[1mScanning dependencies of target bond_generate_messages_eus[0m
[21.994s] [35m[1mScanning dependencies of target geometry_msgs_generate_messages_eus[0m
[21.995s] [35m[1mScanning dependencies of target std_msgs_generate_messages_lisp[0m
[21.996s] [35m[1mScanning dependencies of target octomap_msgs_generate_messages_lisp[0m
[21.997s] [35m[1mScanning dependencies of target std_msgs_generate_messages_py[0m
[21.998s] [35m[1mScanning dependencies of target roscpp_generate_messages_nodejs[0m
[22.030s] [  0%] Built target geometry_msgs_generate_messages_nodejs
[22.030s] [  0%] Built target control_msgs_generate_messages_cpp
[22.031s] [  0%] Built target geometry_msgs_generate_messages_eus
[22.031s] [  0%] Built target std_srvs_generate_messages_eus
[22.032s] [  0%] Built target roscpp_generate_messages_lisp
[22.032s] [  0%] Built target bond_generate_messages_eus
[22.033s] [  0%] Built target std_msgs_generate_messages_lisp
[22.033s] [  0%] Built target moveit_planning_helper_generate_messages_lisp
[22.033s] [  0%] Built target roscpp_generate_messages_py
[22.035s] [  0%] Built target octomap_msgs_generate_messages_lisp
[22.036s] [  0%] Built target roscpp_generate_messages_nodejs
[22.036s] [  0%] Built target std_msgs_generate_messages_py
[22.050s] [35m[1mScanning dependencies of target rosgraph_msgs_generate_messages_lisp[0m
[22.051s] [35m[1mScanning dependencies of target rosgraph_msgs_generate_messages_cpp[0m
[22.051s] [35m[1mScanning dependencies of target rosgraph_msgs_generate_messages_eus[0m
[22.053s] [35m[1mScanning dependencies of target object_recognition_msgs_generate_messages_cpp[0m
[22.053s] [35m[1mScanning dependencies of target visualization_msgs_generate_messages_lisp[0m
[22.055s] [35m[1mScanning dependencies of target trajectory_msgs_generate_messages_py[0m
[22.056s] [35m[1mScanning dependencies of target std_msgs_generate_messages_eus[0m
[22.056s] [35m[1mScanning dependencies of target rosgraph_msgs_generate_messages_nodejs[0m
[22.057s] [35m[1mScanning dependencies of target diagnostic_msgs_generate_messages_lisp[0m
[22.057s] [35m[1mScanning dependencies of target control_msgs_generate_messages_py[0m
[22.060s] [35m[1mScanning dependencies of target diagnostic_msgs_generate_messages_eus[0m
[22.068s] [35m[1mScanning dependencies of target actionlib_msgs_generate_messages_lisp[0m
[22.074s] [  0%] Built target rosgraph_msgs_generate_messages_lisp
[22.074s] [  0%] Built target rosgraph_msgs_generate_messages_eus
[22.074s] [  0%] Built target rosgraph_msgs_generate_messages_cpp
[22.076s] [  0%] Built target object_recognition_msgs_generate_messages_cpp
[22.077s] [  0%] Built target visualization_msgs_generate_messages_lisp
[22.080s] [  0%] Built target std_msgs_generate_messages_eus
[22.080s] [  0%] Built target control_msgs_generate_messages_py
[22.080s] [  0%] Built target trajectory_msgs_generate_messages_py
[22.081s] [  0%] Built target diagnostic_msgs_generate_messages_lisp
[22.082s] [  0%] Built target diagnostic_msgs_generate_messages_eus
[22.091s] [  0%] Built target rosgraph_msgs_generate_messages_nodejs
[22.091s] [  0%] Built target actionlib_msgs_generate_messages_lisp
[22.097s] [35m[1mScanning dependencies of target object_recognition_msgs_generate_messages_eus[0m
[22.098s] [35m[1mScanning dependencies of target diagnostic_msgs_generate_messages_py[0m
[22.098s] [35m[1mScanning dependencies of target nodelet_generate_messages_eus[0m
[22.098s] [35m[1mScanning dependencies of target controller_manager_msgs_generate_messages_lisp[0m
[22.100s] [35m[1mScanning dependencies of target nodelet_generate_messages_cpp[0m
[22.103s] [35m[1mScanning dependencies of target bond_generate_messages_py[0m
[22.105s] [35m[1mScanning dependencies of target geometry_msgs_generate_messages_cpp[0m
[22.105s] [35m[1mScanning dependencies of target nodelet_generate_messages_lisp[0m
[22.107s] [35m[1mScanning dependencies of target actionlib_generate_messages_lisp[0m
[22.111s] [35m[1mScanning dependencies of target controller_manager_msgs_generate_messages_py[0m
[22.115s] [35m[1mScanning dependencies of target tf_generate_messages_nodejs[0m
[22.116s] [35m[1mScanning dependencies of target tf2_msgs_generate_messages_cpp[0m
[22.120s] [  0%] Built target nodelet_generate_messages_cpp
[22.121s] [  0%] Built target diagnostic_msgs_generate_messages_py
[22.122s] [  0%] Built target object_recognition_msgs_generate_messages_eus
[22.123s] [  0%] Built target nodelet_generate_messages_eus
[22.124s] [  0%] Built target controller_manager_msgs_generate_messages_lisp
[22.126s] [  0%] Built target bond_generate_messages_py
[22.131s] [  0%] Built target actionlib_generate_messages_lisp
[22.131s] [  0%] Built target nodelet_generate_messages_lisp
[22.133s] [  0%] Built target geometry_msgs_generate_messages_cpp
[22.134s] [  0%] Built target controller_manager_msgs_generate_messages_py
[22.140s] [  0%] Built target tf_generate_messages_nodejs
[22.141s] [  0%] Built target tf2_msgs_generate_messages_cpp
[22.143s] [35m[1mScanning dependencies of target octomap_msgs_generate_messages_py[0m
[22.144s] [35m[1mScanning dependencies of target octomap_msgs_generate_messages_eus[0m
[22.145s] [35m[1mScanning dependencies of target octomap_msgs_generate_messages_cpp[0m
[22.146s] [35m[1mScanning dependencies of target octomap_msgs_generate_messages_nodejs[0m
[22.148s] [35m[1mScanning dependencies of target std_srvs_generate_messages_nodejs[0m
[22.149s] [35m[1mScanning dependencies of target dynamic_reconfigure_generate_messages_py[0m
[22.153s] [35m[1mScanning dependencies of target moveit_planning_helper_generate_messages_py[0m
[22.153s] [35m[1mScanning dependencies of target shape_msgs_generate_messages_lisp[0m
[22.156s] [35m[1mScanning dependencies of target moveit_planning_helper_generate_messages_nodejs[0m
[22.157s] [35m[1mScanning dependencies of target shape_msgs_generate_messages_py[0m
[22.162s] [35m[1mScanning dependencies of target trajectory_msgs_generate_messages_cpp[0m
[22.162s] [35m[1mScanning dependencies of target moveit_msgs_generate_messages_nodejs[0m
[22.167s] [  0%] Built target octomap_msgs_generate_messages_py
[22.168s] [  0%] Built target octomap_msgs_generate_messages_cpp
[22.168s] [  0%] Built target octomap_msgs_generate_messages_eus
[22.171s] [  0%] Built target octomap_msgs_generate_messages_nodejs
[22.172s] [  0%] Built target std_srvs_generate_messages_nodejs
[22.175s] [  0%] Built target shape_msgs_generate_messages_lisp
[22.176s] [  0%] Built target dynamic_reconfigure_generate_messages_py
[22.177s] [  0%] Built target moveit_planning_helper_generate_messages_py
[22.183s] [  0%] Built target shape_msgs_generate_messages_py
[22.190s] [  0%] Built target trajectory_msgs_generate_messages_cpp
[22.190s] [  0%] Built target moveit_planning_helper_generate_messages_nodejs
[22.191s] [  0%] Built target moveit_msgs_generate_messages_nodejs
[22.194s] [35m[1mScanning dependencies of target sensor_msgs_generate_messages_nodejs[0m
[22.195s] [35m[1mScanning dependencies of target moveit_ros_manipulation_gencfg[0m
[22.197s] [35m[1mScanning dependencies of target sensor_msgs_generate_messages_lisp[0m
[22.198s] [35m[1mScanning dependencies of target tf_generate_messages_lisp[0m
[22.199s] [35m[1mScanning dependencies of target graph_msgs_generate_messages_nodejs[0m
[22.202s] [35m[1mScanning dependencies of target std_srvs_generate_messages_py[0m
[22.202s] [35m[1mScanning dependencies of target dynamic_reconfigure_generate_messages_nodejs[0m
[22.203s] [35m[1mScanning dependencies of target std_srvs_generate_messages_lisp[0m
[22.210s] [35m[1mScanning dependencies of target dynamic_reconfigure_generate_messages_lisp[0m
[22.214s] [35m[1mScanning dependencies of target dynamic_reconfigure_generate_messages_eus[0m
[22.215s] [35m[1mScanning dependencies of target std_srvs_generate_messages_cpp[0m
[22.216s] [  0%] Built target sensor_msgs_generate_messages_nodejs
[22.218s] [35m[1mScanning dependencies of target graph_msgs_generate_messages_eus[0m
[22.221s] [  0%] Built target moveit_ros_manipulation_gencfg
[22.223s] [  0%] Built target tf_generate_messages_lisp
[22.224s] [  0%] Built target sensor_msgs_generate_messages_lisp
[22.227s] [  0%] Built target graph_msgs_generate_messages_nodejs
[22.227s] [  0%] Built target dynamic_reconfigure_generate_messages_nodejs
[22.230s] [  0%] Built target std_srvs_generate_messages_lisp
[22.236s] [  0%] Built target std_srvs_generate_messages_py
[22.236s] [  0%] Built target dynamic_reconfigure_generate_messages_lisp
[22.240s] [35m[1mScanning dependencies of target controller_manager_msgs_generate_messages_cpp[0m
[22.241s] [  0%] Built target dynamic_reconfigure_generate_messages_eus
[22.241s] [  0%] Built target std_srvs_generate_messages_cpp
[22.247s] [  0%] Built target graph_msgs_generate_messages_eus
[22.249s] [35m[1mScanning dependencies of target geometry_msgs_generate_messages_py[0m
[22.249s] [35m[1mScanning dependencies of target controller_manager_msgs_generate_messages_nodejs[0m
[22.249s] [35m[1mScanning dependencies of target geometry_msgs_generate_messages_lisp[0m
[22.250s] [35m[1mScanning dependencies of target shape_msgs_generate_messages_cpp[0m
[22.251s] [35m[1mScanning dependencies of target actionlib_msgs_generate_messages_py[0m
[22.258s] [35m[1mScanning dependencies of target moveit_msgs_generate_messages_cpp[0m
[22.260s] [35m[1mScanning dependencies of target std_msgs_generate_messages_nodejs[0m
[22.263s] [  0%] Built target controller_manager_msgs_generate_messages_cpp
[22.264s] [35m[1mScanning dependencies of target bond_generate_messages_lisp[0m
[22.264s] [35m[1mScanning dependencies of target sensor_msgs_generate_messages_cpp[0m
[22.264s] [35m[1mScanning dependencies of target sensor_msgs_generate_messages_eus[0m
[22.274s] [  0%] Built target geometry_msgs_generate_messages_lisp
[22.274s] [  0%] Built target controller_manager_msgs_generate_messages_nodejs
[22.275s] [  0%] Built target geometry_msgs_generate_messages_py
[22.275s] [35m[1mScanning dependencies of target trajectory_msgs_generate_messages_eus[0m
[22.276s] [  0%] Built target shape_msgs_generate_messages_cpp
[22.278s] [  0%] Built target actionlib_msgs_generate_messages_py
[22.282s] [  0%] Built target moveit_msgs_generate_messages_cpp
[22.285s] [  0%] Built target std_msgs_generate_messages_nodejs
[22.288s] [  0%] Built target sensor_msgs_generate_messages_cpp
[22.290s] [  0%] Built target bond_generate_messages_lisp
[22.290s] [35m[1mScanning dependencies of target controller_manager_msgs_generate_messages_eus[0m
[22.293s] [  0%] Built target sensor_msgs_generate_messages_eus
[22.298s] [  0%] Built target trajectory_msgs_generate_messages_eus
[22.298s] [35m[1mScanning dependencies of target std_msgs_generate_messages_cpp[0m
[22.298s] [35m[1mScanning dependencies of target nodelet_generate_messages_py[0m
[22.300s] [35m[1mScanning dependencies of target moveit_planning_helper_generate_messages_eus[0m
[22.301s] [35m[1mScanning dependencies of target sensor_msgs_generate_messages_py[0m
[22.304s] [35m[1mScanning dependencies of target actionlib_generate_messages_cpp[0m
[22.309s] [35m[1mScanning dependencies of target actionlib_msgs_generate_messages_nodejs[0m
[22.310s] [35m[1mScanning dependencies of target shape_msgs_generate_messages_eus[0m
[22.314s] [35m[1mScanning dependencies of target tf_generate_messages_py[0m
[22.315s] [35m[1mScanning dependencies of target graph_msgs_generate_messages_lisp[0m
[22.315s] [  0%] Built target controller_manager_msgs_generate_messages_eus
[22.318s] [35m[1mScanning dependencies of target dynamic_reconfigure_generate_messages_cpp[0m
[22.322s] [35m[1mScanning dependencies of target moveit_ros_planning_gencfg[0m
[22.323s] [  0%] Built target nodelet_generate_messages_py
[22.323s] [  0%] Built target std_msgs_generate_messages_cpp
[22.323s] [  0%] Built target sensor_msgs_generate_messages_py
[22.324s] [  0%] Built target moveit_planning_helper_generate_messages_eus
[22.328s] [  0%] Built target actionlib_generate_messages_cpp
[22.330s] [  0%] Built target actionlib_msgs_generate_messages_nodejs
[22.332s] [  0%] Built target shape_msgs_generate_messages_eus
[22.336s] [  0%] Built target graph_msgs_generate_messages_lisp
[22.337s] [  0%] Built target tf_generate_messages_py
[22.342s] [35m[1mScanning dependencies of target tf2_msgs_generate_messages_nodejs[0m
[22.343s] [  0%] Built target dynamic_reconfigure_generate_messages_cpp
[22.344s] [  0%] Built target moveit_ros_planning_gencfg
[22.344s] [35m[1mScanning dependencies of target rosgraph_msgs_generate_messages_py[0m
[22.344s] [35m[1mScanning dependencies of target dynamic_reconfigure_gencfg[0m
[22.346s] [35m[1mScanning dependencies of target tf2_msgs_generate_messages_lisp[0m
[22.352s] [35m[1mScanning dependencies of target roscpp_generate_messages_eus[0m
[22.353s] [35m[1mScanning dependencies of target actionlib_msgs_generate_messages_eus[0m
[22.353s] [35m[1mScanning dependencies of target nodelet_generate_messages_nodejs[0m
[22.354s] [35m[1mScanning dependencies of target trajectory_msgs_generate_messages_lisp[0m
[22.357s] [35m[1mScanning dependencies of target bond_generate_messages_cpp[0m
[22.357s] [35m[1mScanning dependencies of target trajectory_msgs_generate_messages_nodejs[0m
[22.365s] [  0%] Built target rosgraph_msgs_generate_messages_py
[22.365s] [35m[1mScanning dependencies of target bond_generate_messages_nodejs[0m
[22.365s] [  0%] Built target tf2_msgs_generate_messages_nodejs
[22.366s] [  0%] Built target dynamic_reconfigure_gencfg
[22.370s] [35m[1mScanning dependencies of target configuration_msgs_generate_messages_eus[0m
[22.370s] [  0%] Built target tf2_msgs_generate_messages_lisp
[22.375s] [  0%] Built target roscpp_generate_messages_eus
[22.376s] [  0%] Built target actionlib_msgs_generate_messages_eus
[22.376s] [  0%] Built target trajectory_msgs_generate_messages_lisp
[22.385s] [  0%] Built target nodelet_generate_messages_nodejs
[22.386s] [  0%] Built target trajectory_msgs_generate_messages_nodejs
[22.386s] [  0%] Built target bond_generate_messages_cpp
[22.391s] [  0%] Built target bond_generate_messages_nodejs
[22.391s] [35m[1mScanning dependencies of target configuration_msgs_generate_messages_cpp[0m
[22.391s] [35m[1mScanning dependencies of target tf_generate_messages_eus[0m
[22.392s] [35m[1mScanning dependencies of target graph_msgs_generate_messages_cpp[0m
[22.395s] [35m[1mScanning dependencies of target configuration_msgs_generate_messages_py[0m
[22.395s] [  0%] Built target configuration_msgs_generate_messages_eus
[22.401s] [35m[1mScanning dependencies of target configuration_msgs_generate_messages_nodejs[0m
[22.401s] [35m[1mScanning dependencies of target configuration_msgs_generate_messages_lisp[0m
[22.408s] [35m[1mScanning dependencies of target actionlib_msgs_generate_messages_cpp[0m
[22.410s] [35m[1mScanning dependencies of target diagnostic_msgs_generate_messages_cpp[0m
[22.411s] [35m[1mScanning dependencies of target graph_msgs_generate_messages_py[0m
[22.414s] [35m[1mScanning dependencies of target tf_generate_messages_cpp[0m
[22.414s] [  0%] Built target tf_generate_messages_eus
[22.414s] [35m[1mScanning dependencies of target actionlib_generate_messages_eus[0m
[22.415s] [  0%] Built target configuration_msgs_generate_messages_cpp
[22.416s] [  0%] Built target graph_msgs_generate_messages_cpp
[22.419s] [35m[1mScanning dependencies of target actionlib_generate_messages_nodejs[0m
[22.423s] [  0%] Built target configuration_msgs_generate_messages_py
[22.423s] [  0%] Built target configuration_msgs_generate_messages_nodejs
[22.425s] [  0%] Built target configuration_msgs_generate_messages_lisp
[22.432s] [  0%] Built target diagnostic_msgs_generate_messages_cpp
[22.432s] [  0%] Built target actionlib_generate_messages_eus
[22.432s] [  0%] Built target actionlib_msgs_generate_messages_cpp
[22.433s] [  0%] Built target graph_msgs_generate_messages_py
[22.435s] [35m[1mScanning dependencies of target tf2_msgs_generate_messages_py[0m
[22.435s] [  0%] Built target tf_generate_messages_cpp
[22.436s] [35m[1mScanning dependencies of target actionlib_generate_messages_py[0m
[22.436s] [35m[1mScanning dependencies of target control_msgs_generate_messages_eus[0m
[22.443s] [35m[1mScanning dependencies of target diagnostic_msgs_generate_messages_nodejs[0m
[22.444s] [  0%] Built target actionlib_generate_messages_nodejs
[22.445s] [35m[1mScanning dependencies of target roscpp_generate_messages_cpp[0m
[22.445s] [35m[1mScanning dependencies of target control_msgs_generate_messages_lisp[0m
[22.450s] [35m[1mScanning dependencies of target control_msgs_generate_messages_nodejs[0m
[22.452s] [  0%] Built target tf2_msgs_generate_messages_py
[22.453s] [35m[1mScanning dependencies of target visualization_msgs_generate_messages_eus[0m
[22.455s] [  0%] Built target control_msgs_generate_messages_eus
[22.455s] [  0%] Built target actionlib_generate_messages_py
[22.459s] [  0%] Built target diagnostic_msgs_generate_messages_nodejs
[22.463s] [  0%] Built target control_msgs_generate_messages_lisp
[22.464s] [  0%] Built target control_msgs_generate_messages_nodejs
[22.464s] [  0%] Built target roscpp_generate_messages_cpp
[22.468s] [  0%] Built target visualization_msgs_generate_messages_eus
[22.483s] [35m[1mScanning dependencies of target thor_prefilter_controller[0m
[22.576s] [ 50%] [32mBuilding CXX object CMakeFiles/thor_prefilter_controller.dir/src/thor_prefilter_controller/thor_prefilter_controller.cpp.o[0m
[51.650s] [100%] [32m[1mLinking CXX shared library devel/lib/libthor_prefilter_controller.so[0m
[52.270s] [100%] Built target thor_prefilter_controller
[52.290s] Invoked command in '/home/wsl/ctrl_ws/src/thor_prefilter_controller/build/thor_prefilter_controller' returned '0': /usr/bin/cmake --build /home/wsl/ctrl_ws/src/thor_prefilter_controller/build/thor_prefilter_controller -- -j12 -l12
[52.590s] Invoking command in '/home/wsl/ctrl_ws/src/thor_prefilter_controller/build/thor_prefilter_controller': /usr/bin/cmake --build /home/wsl/ctrl_ws/src/thor_prefilter_controller/build/thor_prefilter_controller --target tests -- -j12 -l12
[52.738s] [35m[1mScanning dependencies of target tests[0m
[52.764s] Built target tests
[52.790s] Invoked command in '/home/wsl/ctrl_ws/src/thor_prefilter_controller/build/thor_prefilter_controller' returned '0': /usr/bin/cmake --build /home/wsl/ctrl_ws/src/thor_prefilter_controller/build/thor_prefilter_controller --target tests -- -j12 -l12
[53.115s] Invoking command in '/home/wsl/ctrl_ws/src/thor_prefilter_controller/build/thor_prefilter_controller': /usr/bin/cmake --build /home/wsl/ctrl_ws/src/thor_prefilter_controller/build/thor_prefilter_controller --target install -- -j12 -l12
[53.284s] [  0%] Built target object_recognition_msgs_generate_messages_py
[53.284s] [  0%] Built target tf2_msgs_generate_messages_eus
[53.285s] [  0%] Built target visualization_msgs_generate_messages_py
[53.286s] [  0%] Built target object_recognition_msgs_generate_messages_lisp
[53.290s] [  0%] Built target moveit_planning_helper_generate_messages_cpp
[53.293s] [  0%] Built target moveit_msgs_generate_messages_py
[53.296s] [  0%] Built target moveit_msgs_generate_messages_eus
[53.296s] [  0%] Built target moveit_msgs_generate_messages_lisp
[53.297s] [  0%] Built target shape_msgs_generate_messages_nodejs
[53.300s] [  0%] Built target object_recognition_msgs_generate_messages_nodejs
[53.302s] [  0%] Built target visualization_msgs_generate_messages_nodejs
[53.312s] [  0%] Built target visualization_msgs_generate_messages_cpp
[53.363s] [  0%] Built target moveit_planning_helper_generate_messages_lisp
[53.367s] [  0%] Built target bond_generate_messages_eus
[53.367s] [  0%] Built target roscpp_generate_messages_py
[53.368s] [  0%] Built target octomap_msgs_generate_messages_lisp
[53.370s] [  0%] Built target roscpp_generate_messages_lisp
[53.371s] [  0%] Built target geometry_msgs_generate_messages_nodejs
[53.371s] [  0%] Built target roscpp_generate_messages_nodejs
[53.378s] [  0%] Built target std_msgs_generate_messages_py
[53.378s] [  0%] Built target std_srvs_generate_messages_eus
[53.381s] [  0%] Built target geometry_msgs_generate_messages_eus
[53.381s] [  0%] Built target control_msgs_generate_messages_cpp
[53.382s] [  0%] Built target std_msgs_generate_messages_lisp
[53.414s] [  0%] Built target rosgraph_msgs_generate_messages_cpp
[53.415s] [  0%] Built target object_recognition_msgs_generate_messages_cpp
[53.418s] [  0%] Built target std_msgs_generate_messages_eus
[53.418s] [  0%] Built target rosgraph_msgs_generate_messages_lisp
[53.425s] [  0%] Built target trajectory_msgs_generate_messages_py
[53.426s] [  0%] Built target rosgraph_msgs_generate_messages_eus
[53.427s] [  0%] Built target visualization_msgs_generate_messages_lisp
[53.438s] [  0%] Built target diagnostic_msgs_generate_messages_lisp
[53.438s] [  0%] Built target rosgraph_msgs_generate_messages_nodejs
[53.444s] [  0%] Built target actionlib_msgs_generate_messages_lisp
[53.446s] [  0%] Built target diagnostic_msgs_generate_messages_eus
[53.451s] [  0%] Built target control_msgs_generate_messages_py
[53.478s] [  0%] Built target object_recognition_msgs_generate_messages_eus
[53.478s] [  0%] Built target diagnostic_msgs_generate_messages_py
[53.479s] [  0%] Built target controller_manager_msgs_generate_messages_lisp
[53.482s] [  0%] Built target nodelet_generate_messages_eus
[53.496s] [  0%] Built target geometry_msgs_generate_messages_cpp
[53.496s] [  0%] Built target bond_generate_messages_py
[53.497s] [  0%] Built target controller_manager_msgs_generate_messages_py
[53.498s] [  0%] Built target actionlib_generate_messages_lisp
[53.500s] [  0%] Built target tf2_msgs_generate_messages_cpp
[53.501s] [  0%] Built target nodelet_generate_messages_cpp
[53.506s] [  0%] Built target tf_generate_messages_nodejs
[53.508s] [  0%] Built target nodelet_generate_messages_lisp
[53.525s] [  0%] Built target octomap_msgs_generate_messages_eus
[53.533s] [  0%] Built target octomap_msgs_generate_messages_py
[53.533s] [  0%] Built target std_srvs_generate_messages_nodejs
[53.534s] [  0%] Built target octomap_msgs_generate_messages_cpp
[53.549s] [  0%] Built target octomap_msgs_generate_messages_nodejs
[53.553s] [  0%] Built target moveit_planning_helper_generate_messages_nodejs
[53.554s] [  0%] Built target shape_msgs_generate_messages_lisp
[53.554s] [  0%] Built target dynamic_reconfigure_generate_messages_py
[53.561s] [  0%] Built target moveit_planning_helper_generate_messages_py
[53.563s] [  0%] Built target trajectory_msgs_generate_messages_cpp
[53.563s] [  0%] Built target shape_msgs_generate_messages_py
[53.573s] [  0%] Built target moveit_msgs_generate_messages_nodejs
[53.586s] [  0%] Built target tf_generate_messages_lisp
[53.592s] [  0%] Built target sensor_msgs_generate_messages_nodejs
[53.597s] [  0%] Built target moveit_ros_manipulation_gencfg
[53.598s] [  0%] Built target sensor_msgs_generate_messages_lisp
[53.603s] [  0%] Built target std_srvs_generate_messages_lisp
[53.605s] [  0%] Built target dynamic_reconfigure_generate_messages_nodejs
[53.608s] [  0%] Built target graph_msgs_generate_messages_nodejs
[53.610s] [  0%] Built target std_srvs_generate_messages_py
[53.611s] [  0%] Built target graph_msgs_generate_messages_eus
[53.615s] [  0%] Built target dynamic_reconfigure_generate_messages_lisp
[53.623s] [  0%] Built target dynamic_reconfigure_generate_messages_eus
[53.633s] [  0%] Built target std_srvs_generate_messages_cpp
[53.649s] [  0%] Built target controller_manager_msgs_generate_messages_cpp
[53.650s] [  0%] Built target actionlib_msgs_generate_messages_py
[53.652s] [  0%] Built target geometry_msgs_generate_messages_py
[53.652s] [  0%] Built target shape_msgs_generate_messages_cpp
[53.658s] [  0%] Built target controller_manager_msgs_generate_messages_nodejs
[53.670s] [  0%] Built target std_msgs_generate_messages_nodejs
[53.670s] [  0%] Built target bond_generate_messages_lisp
[53.672s] [  0%] Built target moveit_msgs_generate_messages_cpp
[53.673s] [  0%] Built target sensor_msgs_generate_messages_eus
[53.678s] [  0%] Built target geometry_msgs_generate_messages_lisp
[53.681s] [  0%] Built target sensor_msgs_generate_messages_cpp
[53.699s] [  0%] Built target trajectory_msgs_generate_messages_eus
[53.707s] [  0%] Built target nodelet_generate_messages_py
[53.709s] [  0%] Built target controller_manager_msgs_generate_messages_eus
[53.716s] [  0%] Built target actionlib_generate_messages_cpp
[53.725s] [  0%] Built target sensor_msgs_generate_messages_py
[53.725s] [  0%] Built target std_msgs_generate_messages_cpp
[53.725s] [  0%] Built target graph_msgs_generate_messages_lisp
[53.726s] [  0%] Built target moveit_planning_helper_generate_messages_eus
[53.732s] [  0%] Built target shape_msgs_generate_messages_eus
[53.733s] [  0%] Built target actionlib_msgs_generate_messages_nodejs
[53.735s] [  0%] Built target dynamic_reconfigure_generate_messages_cpp
[53.735s] [  0%] Built target tf_generate_messages_py
[53.751s] [  0%] Built target moveit_ros_planning_gencfg
[53.760s] [  0%] Built target tf2_msgs_generate_messages_nodejs
[53.765s] [  0%] Built target dynamic_reconfigure_gencfg
[53.771s] [  0%] Built target tf2_msgs_generate_messages_lisp
[53.772s] [  0%] Built target roscpp_generate_messages_eus
[53.774s] [  0%] Built target rosgraph_msgs_generate_messages_py
[53.774s] [  0%] Built target nodelet_generate_messages_nodejs
[53.776s] [  0%] Built target actionlib_msgs_generate_messages_eus
[53.778s] [  0%] Built target bond_generate_messages_cpp
[53.781s] [  0%] Built target trajectory_msgs_generate_messages_lisp
[53.784s] [  0%] Built target bond_generate_messages_nodejs
[53.792s] [  0%] Built target trajectory_msgs_generate_messages_nodejs
[53.792s] [  0%] Built target configuration_msgs_generate_messages_eus
[53.804s] [  0%] Built target graph_msgs_generate_messages_cpp
[53.810s] [  0%] Built target configuration_msgs_generate_messages_cpp
[53.814s] [  0%] Built target tf_generate_messages_eus
[53.815s] [  0%] Built target configuration_msgs_generate_messages_py
[53.816s] [  0%] Built target actionlib_msgs_generate_messages_cpp
[53.817s] [  0%] Built target configuration_msgs_generate_messages_nodejs
[53.821s] [  0%] Built target configuration_msgs_generate_messages_lisp
[53.826s] [  0%] Built target graph_msgs_generate_messages_py
[53.826s] [  0%] Built target diagnostic_msgs_generate_messages_cpp
[53.826s] [  0%] Built target actionlib_generate_messages_eus
[53.837s] [  0%] Built target tf_generate_messages_cpp
[53.837s] [  0%] Built target actionlib_generate_messages_nodejs
[53.849s] [  0%] Built target tf2_msgs_generate_messages_py
[53.857s] [  0%] Built target roscpp_generate_messages_cpp
[53.857s] [  0%] Built target actionlib_generate_messages_py
[53.857s] [  0%] Built target control_msgs_generate_messages_eus
[53.860s] [  0%] Built target diagnostic_msgs_generate_messages_nodejs
[53.860s] [  0%] Built target control_msgs_generate_messages_lisp
[53.861s] [  0%] Built target control_msgs_generate_messages_nodejs
[53.862s] [  0%] Built target visualization_msgs_generate_messages_eus
[53.906s] [100%] Built target thor_prefilter_controller
[53.977s] [36mInstall the project...[0m
[54.010s] -- Install configuration: "Release"
[54.011s] -- Installing: /home/wsl/ctrl_ws/src/thor_prefilter_controller/install/thor_prefilter_controller/lib/pkgconfig/thor_prefilter_controller.pc
[54.012s] -- Installing: /home/wsl/ctrl_ws/src/thor_prefilter_controller/install/thor_prefilter_controller/share/thor_prefilter_controller/cmake/thor_prefilter_controllerConfig.cmake
[54.013s] -- Installing: /home/wsl/ctrl_ws/src/thor_prefilter_controller/install/thor_prefilter_controller/share/thor_prefilter_controller/cmake/thor_prefilter_controllerConfig-version.cmake
[54.014s] -- Installing: /home/wsl/ctrl_ws/src/thor_prefilter_controller/install/thor_prefilter_controller/share/thor_prefilter_controller/package.xml
[54.015s] -- Installing: /home/wsl/ctrl_ws/src/thor_prefilter_controller/install/thor_prefilter_controller/lib/libthor_prefilter_controller.so
[54.017s] -- Set runtime path of "/home/wsl/ctrl_ws/src/thor_prefilter_controller/install/thor_prefilter_controller/lib/libthor_prefilter_controller.so" to ""
[54.018s] -- Installing: /home/wsl/ctrl_ws/src/thor_prefilter_controller/install/thor_prefilter_controller/include/thor_prefilter_controller
[54.019s] -- Installing: /home/wsl/ctrl_ws/src/thor_prefilter_controller/install/thor_prefilter_controller/include/thor_prefilter_controller/thor_prefilter_controller_impl.h
[54.020s] -- Installing: /home/wsl/ctrl_ws/src/thor_prefilter_controller/install/thor_prefilter_controller/include/thor_prefilter_controller/thor_prefilter_controller.h
[54.034s] Invoked command in '/home/wsl/ctrl_ws/src/thor_prefilter_controller/build/thor_prefilter_controller' returned '0': /usr/bin/cmake --build /home/wsl/ctrl_ws/src/thor_prefilter_controller/build/thor_prefilter_controller --target install -- -j12 -l12
