Determining if the pthread_create exist failed with the following output:
Change Dir: /home/wsl/ctrl_ws/src/thor_prefilter_controller/build/thor_prefilter_controller/CMakeFiles/CMakeTmp

Run Build Command:"/usr/bin/make" "cmTC_4c011/fast"
/usr/bin/make -f CMakeFiles/cmTC_4c011.dir/build.make CMakeFiles/cmTC_4c011.dir/build
make[1]: Entering directory '/home/wsl/ctrl_ws/src/thor_prefilter_controller/build/thor_prefilter_controller/CMakeFiles/CMakeTmp'
Building C object CMakeFiles/cmTC_4c011.dir/CheckSymbolExists.c.o
/usr/bin/cc    -o CMakeFiles/cmTC_4c011.dir/CheckSymbolExists.c.o   -c /home/wsl/ctrl_ws/src/thor_prefilter_controller/build/thor_prefilter_controller/CMakeFiles/CMakeTmp/CheckSymbolExists.c
Linking C executable cmTC_4c011
/usr/bin/cmake -E cmake_link_script CMakeFiles/cmTC_4c011.dir/link.txt --verbose=1
/usr/bin/cc      -rdynamic CMakeFiles/cmTC_4c011.dir/CheckSymbolExists.c.o  -o cmTC_4c011 
CMakeFiles/cmTC_4c011.dir/CheckSymbolExists.c.o: In function `main':
CheckSymbolExists.c:(.text+0x1b): undefined reference to `pthread_create'
collect2: error: ld returned 1 exit status
CMakeFiles/cmTC_4c011.dir/build.make:97: recipe for target 'cmTC_4c011' failed
make[1]: *** [cmTC_4c011] Error 1
make[1]: Leaving directory '/home/wsl/ctrl_ws/src/thor_prefilter_controller/build/thor_prefilter_controller/CMakeFiles/CMakeTmp'
Makefile:126: recipe for target 'cmTC_4c011/fast' failed
make: *** [cmTC_4c011/fast] Error 2

File /home/wsl/ctrl_ws/src/thor_prefilter_controller/build/thor_prefilter_controller/CMakeFiles/CMakeTmp/CheckSymbolExists.c:
/* */
#include <pthread.h>

int main(int argc, char** argv)
{
  (void)argv;
#ifndef pthread_create
  return ((int*)(&pthread_create))[argc];
#else
  (void)argc;
  return 0;
#endif
}

Determining if the function pthread_create exists in the pthreads failed with the following output:
Change Dir: /home/wsl/ctrl_ws/src/thor_prefilter_controller/build/thor_prefilter_controller/CMakeFiles/CMakeTmp

Run Build Command:"/usr/bin/make" "cmTC_a96ee/fast"
/usr/bin/make -f CMakeFiles/cmTC_a96ee.dir/build.make CMakeFiles/cmTC_a96ee.dir/build
make[1]: Entering directory '/home/wsl/ctrl_ws/src/thor_prefilter_controller/build/thor_prefilter_controller/CMakeFiles/CMakeTmp'
Building C object CMakeFiles/cmTC_a96ee.dir/CheckFunctionExists.c.o
/usr/bin/cc   -DCHECK_FUNCTION_EXISTS=pthread_create   -o CMakeFiles/cmTC_a96ee.dir/CheckFunctionExists.c.o   -c /usr/share/cmake-3.10/Modules/CheckFunctionExists.c
Linking C executable cmTC_a96ee
/usr/bin/cmake -E cmake_link_script CMakeFiles/cmTC_a96ee.dir/link.txt --verbose=1
/usr/bin/cc  -DCHECK_FUNCTION_EXISTS=pthread_create    -rdynamic CMakeFiles/cmTC_a96ee.dir/CheckFunctionExists.c.o  -o cmTC_a96ee -lpthreads 
/usr/bin/ld: cannot find -lpthreads
collect2: error: ld returned 1 exit status
CMakeFiles/cmTC_a96ee.dir/build.make:97: recipe for target 'cmTC_a96ee' failed
make[1]: *** [cmTC_a96ee] Error 1
make[1]: Leaving directory '/home/wsl/ctrl_ws/src/thor_prefilter_controller/build/thor_prefilter_controller/CMakeFiles/CMakeTmp'
Makefile:126: recipe for target 'cmTC_a96ee/fast' failed
make: *** [cmTC_a96ee/fast] Error 2


